<?xml version="1.0" encoding="UTF-8"?>
<!-- Generated by org.testng.reporters.JUnitReportReporter -->
<testsuite hostname="Rudransh" failures="0" tests="1" name="com.hcl.test.FootBallGoals" time="0.005" errors="0" timestamp="2021-04-02T23:02:20 CEST" skipped="0">
  <testcase classname="com.hcl.test.FootBallGoals" name="goals" time="0.005"/>
  <system-out>
Team With Minimum For vs Against goals --> Aston_Villa  </system-out>
</testsuite> <!-- com.hcl.test.FootBallGoals -->
