<?xml version="1.0" encoding="UTF-8"?>
<!-- Generated by org.testng.reporters.JUnitReportReporter -->
<testsuite hostname="Rudransh" failures="0" tests="1" name="com.hcl.test.BoardOfDirector" time="7.215" errors="0" timestamp="2021-04-02T23:02:20 CEST" skipped="0">
  <testcase classname="com.hcl.test.BoardOfDirector" name="validate_BD" time="7.215"/>
  <system-out>
Director Image Saved to the target\photos folder  </system-out>
</testsuite> <!-- com.hcl.test.BoardOfDirector -->
